
> heyspex@0.1.0 build
> next build

   ▲ Next.js 15.2.4
   - Experiments (use with caution):
     ✓ optimizeCss

   Creating an optimized production build ...
 ✓ Compiled successfully
   Linting and checking validity of types ...
   Collecting page data ...
   Generating static pages (0/5) ...
   Generating static pages (1/5) 
   Generating static pages (2/5) 
   Generating static pages (3/5) 
 ✓ Generating static pages (5/5)
   Finalizing page optimization ...
   Collecting build traces ...

Route (app)                                 Size  First Load JS
┌ ○ /                                      319 B         333 kB
├ ○ /_not-found                            142 B         101 kB
├ ƒ /[orgId]                               142 B         101 kB
├ ƒ /[orgId]/inbox                       4.83 kB         297 kB
├ ƒ /[orgId]/members                     1.48 kB         261 kB
├ ƒ /[orgId]/projects                    13.9 kB         273 kB
├ ƒ /[orgId]/settings                    7.19 kB         260 kB
├ ƒ /[orgId]/team/[teamId]/all             209 B         333 kB
└ ƒ /[orgId]/teams                       1.86 kB         254 kB
+ First Load JS shared by all             101 kB
  ├ chunks/1acdb12c-433b65375e882590.js  53.2 kB
  ├ chunks/575-6e1909d2b78cb2ad.js       45.8 kB
  └ other shared chunks (total)          1.99 kB


○  (Static)   prerendered as static content
ƒ  (Dynamic)  server-rendered on demand

